<?xml version="1.0" encoding="UTF-8"?>
<testsuite name="utils.RulesHelperTest" tests="1" skipped="0" failures="0" errors="0" timestamp="2021-10-17T17:35:16" hostname="DESKTOP-TRKA2LL" time="0.014">
  <properties/>
  <testcase name="check_isValid_returnsFalse()" classname="utils.RulesHelperTest" time="0.014"/>
  <system-out><![CDATA[Sentence is not valid
Sentence is not valid
Sentence is not valid
Sentence is not valid
Sentence is not valid
]]></system-out>
  <system-err><![CDATA[]]></system-err>
</testsuite>
