<?xml version="1.0" encoding="UTF-8"?>
<testsuite name="utils.RulesHelperTest" tests="13" skipped="0" failures="0" errors="0" timestamp="2021-10-18T21:56:13" hostname="DESKTOP-TRKA2LL" time="0.058">
  <properties/>
  <testcase name="check_onePeriodCharacter_ReturnsFalse()" classname="utils.RulesHelperTest" time="0.027"/>
  <testcase name="check_isValid_returnsFalse()" classname="utils.RulesHelperTest" time="0.007"/>
  <testcase name="check_endsWithValidChar_ReturnsTrue()" classname="utils.RulesHelperTest" time="0.001"/>
  <testcase name="check_endsWithInvalidChar_ReturnsFalse()" classname="utils.RulesHelperTest" time="0.001"/>
  <testcase name="check_FirstCharCapital_ReturnsTrue()" classname="utils.RulesHelperTest" time="0.001"/>
  <testcase name="check_numberStructure_ReturnsFalse()" classname="utils.RulesHelperTest" time="0.002"/>
  <testcase name="check_quotationMarksEven_ReturnsTrue()" classname="utils.RulesHelperTest" time="0.001"/>
  <testcase name="check_FirstCharIsNumber_ReturnsFalse()" classname="utils.RulesHelperTest" time="0.001"/>
  <testcase name="check_numberStructure_ReturnsTrue()" classname="utils.RulesHelperTest" time="0.001"/>
  <testcase name="check_FirstCharIsLowerCase_ReturnsFalse()" classname="utils.RulesHelperTest" time="0.001"/>
  <testcase name="check_onePeriodCharacter_ReturnsTrue()" classname="utils.RulesHelperTest" time="0.001"/>
  <testcase name="check_isValid_returnsTrue()" classname="utils.RulesHelperTest" time="0.011"/>
  <testcase name="check_quotationMarksEven_ReturnsFalse()" classname="utils.RulesHelperTest" time="0.001"/>
  <system-out><![CDATA[]]></system-out>
  <system-err><![CDATA[Oct 18, 2021 10:56:13 PM utils.RulesHelper checkSinglePeriodCharacter
WARNING: Rule 4 - Single Period Character Validation Failed.
Oct 18, 2021 10:56:13 PM utils.RulesHelper checkStartsCapital
INFO: Rule 1 - Capital Validation Successful.
Oct 18, 2021 10:56:13 PM utils.RulesHelper checkQuotationMarks
INFO: Rule 2 - Quotation Validation Successful.
Oct 18, 2021 10:56:13 PM utils.RulesHelper checkLastCharacterValid
INFO: Rule 3 - Period Character Validation Successful.
Oct 18, 2021 10:56:13 PM utils.RulesHelper checkSinglePeriodCharacter
WARNING: Rule 4 - Single Period Character Validation Failed.
Oct 18, 2021 10:56:13 PM utils.RulesHelper checkStartsCapital
WARNING: Rule 1 - Capital Validation Failed.
Oct 18, 2021 10:56:13 PM utils.RulesHelper checkStartsCapital
WARNING: Rule 1 - Sentence did not start with a letter.
Oct 18, 2021 10:56:13 PM utils.RulesHelper checkStartsCapital
INFO: Rule 1 - Capital Validation Successful.
Oct 18, 2021 10:56:13 PM utils.RulesHelper checkQuotationMarks
INFO: Rule 2 - Quotation Validation Successful.
Oct 18, 2021 10:56:13 PM utils.RulesHelper checkLastCharacterValid
INFO: Rule 3 - Period Character Validation Successful.
Oct 18, 2021 10:56:13 PM utils.RulesHelper checkSinglePeriodCharacter
INFO: Rule 4 - Single Period Character Validation Successful.
Oct 18, 2021 10:56:13 PM utils.RulesHelper checkNumberStructure
INFO: Rule 5 - Validating Number Structure
Oct 18, 2021 10:56:13 PM utils.RulesHelper checkNumberStructure
INFO: Rule 5 - Single Period Character Validation Failed.
Oct 18, 2021 10:56:13 PM utils.RulesHelper checkStartsCapital
INFO: Rule 1 - Capital Validation Successful.
Oct 18, 2021 10:56:13 PM utils.RulesHelper checkQuotationMarks
INFO: Rule 2 - Quotation Validation Successful.
Oct 18, 2021 10:56:13 PM utils.RulesHelper checkLastCharacterValid
INFO: Rule 3 - Period Character Validation Successful.
Oct 18, 2021 10:56:13 PM utils.RulesHelper checkSinglePeriodCharacter
INFO: Rule 4 - Single Period Character Validation Successful.
Oct 18, 2021 10:56:13 PM utils.RulesHelper checkNumberStructure
INFO: Rule 5 - Validating Number Structure
Oct 18, 2021 10:56:13 PM utils.RulesHelper checkNumberStructure
INFO: Rule 5 - Single Period Character Validation Failed.
Oct 18, 2021 10:56:13 PM utils.RulesHelper checkLastCharacterValid
INFO: Rule 3 - Period Character Validation Successful.
Oct 18, 2021 10:56:13 PM utils.RulesHelper checkLastCharacterValid
WARNING: Rule 3 - Period Character Validation Failed.
Oct 18, 2021 10:56:13 PM utils.RulesHelper checkStartsCapital
INFO: Rule 1 - Capital Validation Successful.
Oct 18, 2021 10:56:13 PM utils.RulesHelper checkNumberStructure
INFO: Rule 5 - Validating Number Structure
Oct 18, 2021 10:56:13 PM utils.RulesHelper checkNumberStructure
INFO: Rule 5 - Single Period Character Validation Failed.
Oct 18, 2021 10:56:13 PM utils.RulesHelper checkQuotationMarks
INFO: Rule 2 - Quotation Validation Successful.
Oct 18, 2021 10:56:13 PM utils.RulesHelper checkStartsCapital
WARNING: Rule 1 - Sentence did not start with a letter.
Oct 18, 2021 10:56:13 PM utils.RulesHelper checkNumberStructure
INFO: Rule 5 - Validating Number Structure
Oct 18, 2021 10:56:13 PM utils.RulesHelper checkNumberStructure
INFO: Rule 5 - Single Period Character Validation Successful.
Oct 18, 2021 10:56:13 PM utils.RulesHelper checkStartsCapital
WARNING: Rule 1 - Sentence did not start with a letter.
Oct 18, 2021 10:56:13 PM utils.RulesHelper checkSinglePeriodCharacter
INFO: Rule 4 - Single Period Character Validation Successful.
Oct 18, 2021 10:56:13 PM utils.RulesHelper checkStartsCapital
INFO: Rule 1 - Capital Validation Successful.
Oct 18, 2021 10:56:13 PM utils.RulesHelper checkQuotationMarks
INFO: Rule 2 - Quotation Validation Successful.
Oct 18, 2021 10:56:13 PM utils.RulesHelper checkLastCharacterValid
INFO: Rule 3 - Period Character Validation Successful.
Oct 18, 2021 10:56:13 PM utils.RulesHelper checkSinglePeriodCharacter
INFO: Rule 4 - Single Period Character Validation Successful.
Oct 18, 2021 10:56:13 PM utils.RulesHelper checkNumberStructure
INFO: Rule 5 - Validating Number Structure
Oct 18, 2021 10:56:13 PM utils.RulesHelper checkNumberStructure
INFO: Rule 5 - Single Period Character Validation Successful.
Oct 18, 2021 10:56:13 PM utils.RulesHelper checkStartsCapital
INFO: Rule 1 - Capital Validation Successful.
Oct 18, 2021 10:56:13 PM utils.RulesHelper checkQuotationMarks
INFO: Rule 2 - Quotation Validation Successful.
Oct 18, 2021 10:56:13 PM utils.RulesHelper checkLastCharacterValid
INFO: Rule 3 - Period Character Validation Successful.
Oct 18, 2021 10:56:13 PM utils.RulesHelper checkSinglePeriodCharacter
INFO: Rule 4 - Single Period Character Validation Successful.
Oct 18, 2021 10:56:13 PM utils.RulesHelper checkNumberStructure
INFO: Rule 5 - Validating Number Structure
Oct 18, 2021 10:56:13 PM utils.RulesHelper checkNumberStructure
INFO: Rule 5 - Single Period Character Validation Successful.
Oct 18, 2021 10:56:13 PM utils.RulesHelper checkStartsCapital
INFO: Rule 1 - Capital Validation Successful.
Oct 18, 2021 10:56:13 PM utils.RulesHelper checkQuotationMarks
INFO: Rule 2 - Quotation Validation Successful.
Oct 18, 2021 10:56:13 PM utils.RulesHelper checkLastCharacterValid
INFO: Rule 3 - Period Character Validation Successful.
Oct 18, 2021 10:56:13 PM utils.RulesHelper checkSinglePeriodCharacter
INFO: Rule 4 - Single Period Character Validation Successful.
Oct 18, 2021 10:56:13 PM utils.RulesHelper checkNumberStructure
INFO: Rule 5 - Validating Number Structure
Oct 18, 2021 10:56:13 PM utils.RulesHelper checkNumberStructure
INFO: Rule 5 - Single Period Character Validation Successful.
Oct 18, 2021 10:56:13 PM utils.RulesHelper checkStartsCapital
INFO: Rule 1 - Capital Validation Successful.
Oct 18, 2021 10:56:13 PM utils.RulesHelper checkQuotationMarks
INFO: Rule 2 - Quotation Validation Successful.
Oct 18, 2021 10:56:13 PM utils.RulesHelper checkLastCharacterValid
INFO: Rule 3 - Period Character Validation Successful.
Oct 18, 2021 10:56:13 PM utils.RulesHelper checkSinglePeriodCharacter
INFO: Rule 4 - Single Period Character Validation Successful.
Oct 18, 2021 10:56:13 PM utils.RulesHelper checkNumberStructure
INFO: Rule 5 - Validating Number Structure
Oct 18, 2021 10:56:13 PM utils.RulesHelper checkNumberStructure
INFO: Rule 5 - Single Period Character Validation Successful.
Oct 18, 2021 10:56:13 PM utils.RulesHelper checkStartsCapital
INFO: Rule 1 - Capital Validation Successful.
Oct 18, 2021 10:56:13 PM utils.RulesHelper checkQuotationMarks
INFO: Rule 2 - Quotation Validation Successful.
Oct 18, 2021 10:56:13 PM utils.RulesHelper checkLastCharacterValid
INFO: Rule 3 - Period Character Validation Successful.
Oct 18, 2021 10:56:13 PM utils.RulesHelper checkSinglePeriodCharacter
INFO: Rule 4 - Single Period Character Validation Successful.
Oct 18, 2021 10:56:13 PM utils.RulesHelper checkNumberStructure
INFO: Rule 5 - Validating Number Structure
Oct 18, 2021 10:56:13 PM utils.RulesHelper checkNumberStructure
INFO: Rule 5 - Single Period Character Validation Successful.
Oct 18, 2021 10:56:13 PM utils.RulesHelper checkQuotationMarks
WARNING: Rule 2 - Quotation Validation Failed.
]]></system-err>
</testsuite>
